make all --print-data-base --no-builtin-variables --no-builtin-rules --question
# GNU Make 3.81
# Copyright (C) 2006  Free Software Foundation, Inc.
# This is free software; see the source for copying conditions.
# There is NO warranty; not even for MERCHANTABILITY or FITNESS FOR A
# PARTICULAR PURPOSE.

# This program built for i386-apple-darwin11.3.0


# Make data base, printed on Thu Jun 23 14:12:27 2022

# Variables

# automatic
<D = $(patsubst %/,%,$(dir $<))
# automatic
?F = $(notdir $?)
# environment
ELECTRON_NO_ATTACH_CONSOLE = 1
# environment
LANG = C
# environment
LC_CTYPE = UTF-8
# environment
VSCODE_LOG_NATIVE = false
# automatic
?D = $(patsubst %/,%,$(dir $?))
# automatic
@D = $(patsubst %/,%,$(dir $@))
# automatic
@F = $(notdir $@)
# makefile
CURDIR := /Users/nishadguha/Desktop/SEP/Projects/my-ui
# makefile
SHELL = /bin/sh
# environment
VSCODE_NLS_CONFIG = {"locale":"en-gb","availableLanguages":{},"_languagePackSupport":true}
# environment
_ = /usr/bin/make
# makefile (from `Makefile', line 1)
MAKEFILE_LIST :=  Makefile
# makefile (from `Makefile', line 14)
VERSION = $(shell ./version.sh)
# environment
VSCODE_VERBOSE_LOGGING = true
# environment
__CFBundleIdentifier = com.microsoft.VSCode
# environment
INFOPATH = /opt/homebrew/share/info:
# environment
VSCODE_IPC_HOOK_EXTHOST = /var/folders/1t/022gjvrs19d96n9yf0f1zmkw0000gn/T/vscode-ipc-908d671f-c74d-42cd-928b-384c0df7ad3b.sock
# environment
VSCODE_CWD = /Users/nishadguha/Desktop/SEP/Projects/my-ui
# environment
PATH = /opt/homebrew/Caskroom/miniforge/base/bin:/opt/homebrew/Caskroom/miniforge/base/condabin:/Users/nishadguha/.composer/vendor/bin:/opt/local/bin:/opt/local/sbin:/opt/homebrew/bin:/opt/homebrew/sbin:/usr/local/bin:/usr/bin:/bin:/usr/sbin:/sbin:/usr/local/sbin:/Library/Apple/usr/bin:/usr/local/mysql/bin
# environment
LSCOLORS = Gxfxcxdxbxegedabagacad
# environment
VSCODE_LOG_STACK = false
# environment
ELECTRON_RUN_AS_NODE = 1
# default
.FEATURES := target-specific order-only second-expansion else-if archives jobserver check-symlink
# environment
SSH_AUTH_SOCK = /private/tmp/com.apple.launchd.rt52dXFSYK/Listeners
# automatic
%F = $(notdir $%)
# environment
CONDA_EXE = /opt/homebrew/Caskroom/miniforge/base/bin/conda
# environment
VSCODE_PIPE_LOGGING = true
# environment
PWD = /Users/nishadguha/Desktop/SEP/Projects/my-ui
# environment
HOMEBREW_CELLAR = /opt/homebrew/Cellar
# environment
ORIGINAL_XDG_CURRENT_DESKTOP = undefined
# environment
MANPATH = /opt/local/share/man:/opt/homebrew/share/man::
# environment
VSCODE_AMD_ENTRYPOINT = vs/workbench/api/node/extensionHostProcess
# environment
HOME = /Users/nishadguha
# default
MAKEFILEPATH := /Applications/Xcode.app/Contents/Developer/Makefiles
# environment
VSCODE_CLI = 1
# environment
VSCODE_CODE_CACHE_PATH = /Users/nishadguha/Library/Application Support/Code/CachedData/30d9c6cd9483b2cc586687151bcbcd635f373630
# environment
LOGNAME = nishadguha
# environment
APPLICATION_INSIGHTS_NO_DIAGNOSTIC_CHANNEL = 1
# environment
CONDA_PROMPT_MODIFIER = (base) 
# environment
NVM_CD_FLAGS = -q
# environment
ZSH = /Users/nishadguha/.oh-my-zsh
# environment
VSCODE_HANDLES_UNCAUGHT_ERRORS = true
# automatic
^D = $(patsubst %/,%,$(dir $^))
# environment
CONDA_DEFAULT_ENV = base
# environment
XPC_FLAGS = 0x0
# environment
COLORTERM = truecolor
# default
MAKE = $(MAKE_COMMAND)
# environment
LC_TERMINAL = iTerm2
# environment
SHLVL = 3
# environment
JAVA_HOME = /Library/Java/JavaVirtualMachines/jdk-17.0.1.jdk/Contents/Home
# default
MAKE_VERSION := 3.81
# environment
USER = nishadguha
# makefile (from `Makefile', line 23)
.DEFAULT_GOAL := help
# default
MAKECMDGOALS := all
# environment
TERM_SESSION_ID = w0t0p0:D8A82026-D92F-4773-AE45-E47636171279
# environment
LESS = -R
# automatic
%D = $(patsubst %/,%,$(dir $%))
# environment
CONDA_SHLVL = 1
# default
MAKE_COMMAND := /Applications/Xcode.app/Contents/Developer/usr/bin/make
# environment
TERM_PROGRAM = iTerm.app
# default
.VARIABLES := 
# environment
TMPDIR = /var/folders/1t/022gjvrs19d96n9yf0f1zmkw0000gn/T/
# automatic
*F = $(notdir $*)
# environment
VSCODE_IPC_HOOK = /Users/nishadguha/Library/Application Support/Code/1.68.1-main.sock
# makefile
MAKEFLAGS = Rrqp
# environment
MFLAGS = -Rrqp
# automatic
*D = $(patsubst %/,%,$(dir $*))
# environment
TERM_PROGRAM_VERSION = 3.4.9
# environment
NVM_DIR = /Users/nishadguha/.nvm
# environment
XPC_SERVICE_NAME = application.com.microsoft.VSCode.38606962.38606968.0C56BC51-0644-4646-A514-B458C76EA6A8
# environment
LC_TERMINAL_VERSION = 3.4.9
# environment
HOMEBREW_PREFIX = /opt/homebrew
# automatic
+D = $(patsubst %/,%,$(dir $+))
# automatic
+F = $(notdir $+)
# environment
ITERM_SESSION_ID = w0t0p0:D8A82026-D92F-4773-AE45-E47636171279
# environment
HOMEBREW_REPOSITORY = /opt/homebrew
# environment
COLORFGBG = 7;0
# environment
__CF_USER_TEXT_ENCODING = 0x1F5:0x0:0x2
# environment
COMMAND_MODE = unix2003
# default
MAKEFILES := 
# automatic
<F = $(notdir $<)
# environment
ITERM_PROFILE = Default
# environment
PAGER = less
# environment
LC_ALL = C
# environment
CONDA_PYTHON_EXE = /opt/homebrew/Caskroom/miniforge/base/bin/python
# automatic
^F = $(notdir $^)
# default
SUFFIXES := 
# environment
_CE_M = 
# environment
MAKELEVEL := 0
# environment
CONDA_PREFIX = /opt/homebrew/Caskroom/miniforge/base
# environment
TERM = xterm-256color
# environment
VSCODE_PID = 53197
# environment
_CE_CONDA = 
# environment
 
NVM_RC_VERSION = 
# variable set hash-table stats:
# Load=96/1024=9%, Rehash=0, Collisions=6/120=5%

# Pattern-specific Variable Values

# No pattern-specific variable values.

# Directories

# . (device 16777234, inode 33055760): 47 files, no impossibilities.

# 47 files, no impossibilities in 1 directories.

# Implicit Rules

# No implicit rules.

# Files

stop:
#  Implicit rule search has not been done.
#  Modification time never checked.
#  File has not been updated.
#  commands to execute (from `Makefile', line 62):
	@echo "Stopping containers ..."
	docker-compose stop
	

setup:
#  Implicit rule search has not been done.
#  Modification time never checked.
#  File has not been updated.
#  commands to execute (from `Makefile', line 27):
	@echo "Creating application and setting up database ..."
	docker-compose -f docker-compose.yml -f docker-compose-dev.yml up -d --build \
	&& sleep 3 \
	&& npm i --force --silent \
	&& yarn install --ignore-engines --silent \
	&& cd hasura && hasura metadata apply \
	&& hasura migrate apply --up all --all-databases
	

# Not a target:
all:
#  Command-line target.
#  Implicit rule search has been done.
#  File does not exist.
#  File has not been updated.
# variable set hash-table stats:
# Load=0/32=0%, Rehash=0, Collisions=0/0=0%

.PHONY: help
#  Implicit rule search has not been done.
#  Modification time never checked.
#  File has not been updated.

squash-migrations:
#  Implicit rule search has not been done.
#  Modification time never checked.
#  File has not been updated.
#  commands to execute (from `Makefile', line 82):
	@echo "Squashing migrations..."
	cd hasura && npx hasura-cli migrate squash --admin-secret myadminsecretkey --name "$(name)" --from $(from) --database-name Hasura-test
	

# Not a target:
.SUFFIXES:
#  Implicit rule search has not been done.
#  Modification time never checked.
#  File has not been updated.

# Not a target:
Makefile:
#  Implicit rule search has been done.
#  Last modified 2022-06-16 15:43:39
#  File has been updated.
#  Successfully updated.
# variable set hash-table stats:
# Load=0/32=0%, Rehash=0, Collisions=0/0=0%

run-migrations:
#  Implicit rule search has not been done.
#  Modification time never checked.
#  File has not been updated.
#  commands to execute (from `Makefile', line 78):
	@echo "Running all database migrations..."
	cd hasura && hasura migrate apply --up all
	

rebuild:
#  Implicit rule search has not been done.
#  Modification time never checked.
#  File has not been updated.
#  commands to execute (from `Makefile', line 52):
	@echo "Restarting environment ..."
	docker-compose down --remove-orphans \
	&& sleep 2 \
	&& docker-compose -f docker-compose.yml -f docker-compose-dev.yml up -d --build
	

test:
#  Implicit rule search has not been done.
#  Modification time never checked.
#  File has not been updated.
 
make: *** No rule to make target `all'.  Stop.

#  commands to execute (from `Makefile', line 70):
	@echo "Running all unit tests ..."
	yarn jest --passWithNoTests --silent
	

console:
#  Implicit rule search has not been done.
#  Modification time never checked.
#  File has not been updated.
#  commands to execute (from `Makefile', line 74):
	@echo "Starting hasura console..." 
	cd hasura && npx hasura-cli console --admin-secret "myadminsecretkey"
	

help:
#  Phony target (prerequisite of .PHONY).
#  Implicit rule search has not been done.
#  File does not exist.
#  File has not been updated.
#  commands to execute (from `Makefile', line 21):
	@awk 'BEGIN {FS = ":.*?## "} /^[a-zA-Z_-]+:.*?## / {printf "\033[36m%-30s\033[0m %s\n", $$1, $$2}' $(MAKEFILE_LIST)
	

build-dev:
#  Implicit rule search has not been done.
#  Modification time never checked.
#  File has not been updated.
#  commands to execute (from `Makefile', line 44):
	@echo "Creating development environment ..."
	docker-compose -f docker-compose.yml -f docker-compose-dev.yml up -d --build
	

build-prod:
#  Implicit rule search has not been done.
#  Modification time never checked.
#  File has not been updated.
#  commands to execute (from `Makefile', line 48):
	@echo "Creating production environment ..."
	docker-compose -f docker-compose.yml -f docker-compose-prod.yml up -d --build
	

# Not a target:
.DEFAULT:
#  Implicit rule search has not been done.
#  Modification time never checked.
#  File has not been updated.

restart:
#  Implicit rule search has not been done.
#  Modification time never checked.
#  File has not been updated.
#  commands to execute (from `Makefile', line 58):
	@echo "Restarting environment ..."
	docker-compose restart
	

run-dev:
#  Implicit rule search has not been done.
#  Modification time never checked.
#  File has not been updated.
#  commands to execute (from `Makefile', line 36):
	@echo "Starting development environment ..."
	docker-compose -f docker-compose.yml -f docker-compose-dev.yml up -d
	

run-prod:
#  Implicit rule search has not been done.
#  Modification time never checked.
#  File has not been updated.
#  commands to execute (from `Makefile', line 40):
	@echo "Starting production environment ..."
	docker-compose -f docker-compose.yml -f docker-compose-prod.yml up -d
	

down:
#  Implicit rule search has not been done.
#  Modification time never checked.
#  File has not been updated.
#  commands to execute (from `Makefile', line 66):
	@echo "Stopping and removing containers ..."
	docker-compose down
	

# files hash-table stats:
# Load=19/1024=2%, Rehash=0, Collisions=1/32=3%
# VPATH Search Paths

# No `vpath' search paths.

# No general (`VPATH' variable) search path.

# # of strings in strcache: 1
# # of strcache buffers: 1
# strcache size: total = 4096 / max = 4096 / min = 4096 / avg = 4096
# strcache free: total = 4087 / max = 4087 / min = 4087 / avg = 4087

# Finished Make data base on Thu Jun 23 14:12:27 2022

 
